2023-11-29T11:08:31.159669Z 0 [Warning] [MY-010097] [Server] Insecure configuration for --secure-file-priv: Current value does not restrict location of generated files. Consider setting it to a valid, non-empty path.
2023-11-29T11:08:31.159708Z 0 [Warning] [MY-010918] [Server] 'default_authentication_plugin' is deprecated and will be removed in a future release. Please use authentication_policy instead.
2023-11-29T11:08:31.159731Z 0 [System] [MY-010116] [Server] C:\laragon\bin\mysql\mysql-8.0.30-winx64\bin\mysqld (mysqld 8.0.30) starting as process 20148
2023-11-29T11:08:31.277189Z 1 [System] [MY-013576] [InnoDB] InnoDB initialization has started.
2023-11-29T11:08:35.310506Z 1 [System] [MY-013577] [InnoDB] InnoDB initialization has ended.
2023-11-29T11:08:37.435613Z 0 [Warning] [MY-013829] [Server] Missing data directory for ICU regular expressions: C:\laragon\bin\mysql\mysql-8.0.30-winx64\lib\private\.
2023-11-29T11:08:37.476090Z 0 [Warning] [MY-010068] [Server] CA certificate ca.pem is self signed.
2023-11-29T11:08:37.477180Z 0 [System] [MY-013602] [Server] Channel mysql_main configured to support TLS. Encrypted connections are now supported for this channel.
2023-11-29T11:08:37.637235Z 0 [System] [MY-011323] [Server] X Plugin ready for connections. Bind-address: '::' port: 33060
2023-11-29T11:08:37.637393Z 0 [System] [MY-010931] [Server] C:\laragon\bin\mysql\mysql-8.0.30-winx64\bin\mysqld: ready for connections. Version: '8.0.30'  socket: ''  port: 3306  MySQL Community Server - GPL.
2023-11-29T11:50:48.435366Z 672 [System] [MY-013172] [Server] Received SHUTDOWN from user root. Shutting down mysqld (Version: 8.0.30).
2023-11-29T11:50:48.436501Z 0 [System] [MY-013105] [Server] C:\laragon\bin\mysql\mysql-8.0.30-winx64\bin\mysqld: Normal shutdown.
2023-11-29T11:50:51.241180Z 0 [System] [MY-010910] [Server] C:\laragon\bin\mysql\mysql-8.0.30-winx64\bin\mysqld: Shutdown complete (mysqld 8.0.30)  MySQL Community Server - GPL.
2023-12-06T09:48:08.598590Z 0 [Warning] [MY-010097] [Server] Insecure configuration for --secure-file-priv: Current value does not restrict location of generated files. Consider setting it to a valid, non-empty path.
2023-12-06T09:48:08.598656Z 0 [Warning] [MY-010918] [Server] 'default_authentication_plugin' is deprecated and will be removed in a future release. Please use authentication_policy instead.
2023-12-06T09:48:08.598688Z 0 [System] [MY-010116] [Server] C:\laragon\bin\mysql\mysql-8.0.30-winx64\bin\mysqld (mysqld 8.0.30) starting as process 3484
2023-12-06T09:48:08.841899Z 1 [System] [MY-013576] [InnoDB] InnoDB initialization has started.
2023-12-06T09:48:13.543423Z 1 [System] [MY-013577] [InnoDB] InnoDB initialization has ended.
2023-12-06T09:48:15.201002Z 0 [Warning] [MY-013829] [Server] Missing data directory for ICU regular expressions: C:\laragon\bin\mysql\mysql-8.0.30-winx64\lib\private\.
2023-12-06T09:48:15.315457Z 0 [Warning] [MY-010068] [Server] CA certificate ca.pem is self signed.
2023-12-06T09:48:15.316351Z 0 [System] [MY-013602] [Server] Channel mysql_main configured to support TLS. Encrypted connections are now supported for this channel.
2023-12-06T09:48:15.454565Z 0 [System] [MY-011323] [Server] X Plugin ready for connections. Bind-address: '::' port: 33060
2023-12-06T09:48:15.454693Z 0 [System] [MY-010931] [Server] C:\laragon\bin\mysql\mysql-8.0.30-winx64\bin\mysqld: ready for connections. Version: '8.0.30'  socket: ''  port: 3306  MySQL Community Server - GPL.
